Using pre-set license
Built from '2021.1/staging' branch; Version is '2021.1.25f1 (b6f2b893ea32) revision 11989688'; Using compiler version '192528614'; Build Type 'Release'
OS: 'Windows 10 Home; OS build 19041.1415; Version 2004; 64bit' Language: 'en' Physical Memory: 16327 MB
BatchMode: 1, IsHumanControllingUs: 0, StartBugReporterOnCrash: 0, Is64bit: 1, IsPro: 0

COMMAND LINE ARGUMENTS:
F:\2021.1.25f1\Editor\Unity.exe
-adb2
-batchMode
-noUpm
-name
AssetImportWorker0
-projectPath
F:/Game Design/Games in Progress/Rush_Hour_Clone_Prototype/RushHour_Clone_Repo/RushHourClone_Prototype
-logFile
Logs/AssetImportWorker0.log
-srvPort
63734
Successfully changed project path to: F:/Game Design/Games in Progress/Rush_Hour_Clone_Prototype/RushHour_Clone_Repo/RushHourClone_Prototype
F:/Game Design/Games in Progress/Rush_Hour_Clone_Prototype/RushHour_Clone_Repo/RushHourClone_Prototype
Using Asset Import Pipeline V2.
Refreshing native plugins compatible for Editor in 64.17 ms, found 2 plugins.
Preloading 0 native plugins for Editor in 0.00 ms.
Initialize engine version: 2021.1.25f1 (b6f2b893ea32)
[Subsystems] Discovering subsystems at path F:/2021.1.25f1/Editor/Data/Resources/UnitySubsystems
[Subsystems] Discovering subsystems at path F:/Game Design/Games in Progress/Rush_Hour_Clone_Prototype/RushHour_Clone_Repo/RushHourClone_Prototype/Assets
GfxDevice: creating device client; threaded=0; jobified=0
Direct3D:
    Version:  Direct3D 11.0 [level 11.1]
    Renderer: Radeon RX 580 Series (ID=0x67df)
    Vendor:   ATI
    VRAM:     8171 MB
    Driver:   27.20.12029.1000
Initialize mono
Mono path[0] = 'F:/2021.1.25f1/Editor/Data/Managed'
Mono path[1] = 'F:/2021.1.25f1/Editor/Data/MonoBleedingEdge/lib/mono/unityjit'
Mono config path = 'F:/2021.1.25f1/Editor/Data/MonoBleedingEdge/etc'
Using monoOptions --debugger-agent=transport=dt_socket,embedding=1,server=y,suspend=n,address=127.0.0.1:56928
Begin MonoManager ReloadAssembly
Registering precompiled unity dll's ...
Register platform support module: F:/2021.1.25f1/Editor/Data/PlaybackEngines/WindowsStandaloneSupport/UnityEditor.WindowsStandalone.Extensions.dll
Registered in 0.001939 seconds.
Native extension for WindowsStandalone target not found
Refreshing native plugins compatible for Editor in 61.40 ms, found 2 plugins.
Preloading 0 native plugins for Editor in 0.00 ms.
Mono: successfully reloaded assembly
- Completed reload, in  1.847 seconds
Domain Reload Profiling:
	ReloadAssembly (1847ms)
		BeginReloadAssembly (114ms)
			ExecutionOrderSort (0ms)
			DisableScriptedObjects (0ms)
			BackupInstance (0ms)
			ReleaseScriptingObjects (0ms)
			CreateAndSetChildDomain (1ms)
		EndReloadAssembly (533ms)
			LoadAssemblies (113ms)
			RebuildTransferFunctionScriptingTraits (0ms)
			SetupTypeCache (196ms)
			ReleaseScriptCaches (0ms)
			RebuildScriptCaches (33ms)
			SetupLoadedEditorAssemblies (240ms)
				LogAssemblyErrors (0ms)
				InitializePlatformSupportModulesInManaged (6ms)
				SetLoadedEditorAssemblies (0ms)
				RefreshPlugins (61ms)
				BeforeProcessingInitializeOnLoad (1ms)
				ProcessInitializeOnLoadAttributes (137ms)
				ProcessInitializeOnLoadMethodAttributes (34ms)
				AfterProcessingInitializeOnLoad (0ms)
				EditorAssembliesLoaded (0ms)
			ExecutionOrderSort2 (0ms)
			AwakeInstancesAfterBackupRestoration (0ms)
Platform modules already initialized, skipping
Registering precompiled user dll's ...
Registered in 0.004219 seconds.
Begin MonoManager ReloadAssembly
Native extension for WindowsStandalone target not found
Refreshing native plugins compatible for Editor in 68.79 ms, found 2 plugins.
Preloading 0 native plugins for Editor in 0.00 ms.
Mono: successfully reloaded assembly
- Completed reload, in  1.337 seconds
Domain Reload Profiling:
	ReloadAssembly (1338ms)
		BeginReloadAssembly (219ms)
			ExecutionOrderSort (0ms)
			DisableScriptedObjects (5ms)
			BackupInstance (0ms)
			ReleaseScriptingObjects (0ms)
			CreateAndSetChildDomain (23ms)
		EndReloadAssembly (1057ms)
			LoadAssemblies (168ms)
			RebuildTransferFunctionScriptingTraits (0ms)
			SetupTypeCache (367ms)
			ReleaseScriptCaches (1ms)
			RebuildScriptCaches (50ms)
			SetupLoadedEditorAssemblies (398ms)
				LogAssemblyErrors (0ms)
				InitializePlatformSupportModulesInManaged (6ms)
				SetLoadedEditorAssemblies (0ms)
				RefreshPlugins (69ms)
				BeforeProcessingInitializeOnLoad (76ms)
				ProcessInitializeOnLoadAttributes (239ms)
				ProcessInitializeOnLoadMethodAttributes (5ms)
				AfterProcessingInitializeOnLoad (4ms)
				EditorAssembliesLoaded (0ms)
			ExecutionOrderSort2 (0ms)
			AwakeInstancesAfterBackupRestoration (7ms)
Platform modules already initialized, skipping
========================================================================
Worker process is ready to serve import requests
Launched and connected shader compiler UnityShaderCompiler.exe after 0.08 seconds
Refreshing native plugins compatible for Editor in 0.68 ms, found 2 plugins.
Preloading 0 native plugins for Editor in 0.00 ms.
Unloading 2828 Unused Serialized files (Serialized files now loaded: 0)
System memory in use before: 131.1 MB.
System memory in use after: 131.3 MB.

Unloading 29 unused Assets to reduce memory usage. Loaded Objects now: 3273.
Total: 4.019100 ms (FindLiveObjects: 0.294400 ms CreateObjectMapping: 0.121700 ms MarkObjects: 3.511400 ms  DeleteObjects: 0.090400 ms)

AssetImportParameters requested are different than current active one (requested -> active):
  custom:framework-win-MediaFoundation: 216162199b28c13a410421893ffa2e32 -> 
  custom:video-decoder-ogg-theora: a1e56fd34408186e4bbccfd4996cb3dc -> 
  custom:container-muxer-webm: aa71ff27fc2769a1b78a27578f13a17b -> 
  custom:container-demuxer-webm: 4f35f7cbe854078d1ac9338744f61a02 -> 
  custom:container-demuxer-ogg: 62fdf1f143b41e24485cea50d1cbac27 -> 
  custom:video-encoder-webm-vp8: eb34c28f22e8b96e1ab97ce403110664 -> 
  custom:video-decoder-webm-vp8: 9c59270c3fd7afecdb556c50c9e8de78 -> 
  custom:audio-decoder-ogg-vorbis: bf7c407c2cedff20999df2af8eb42d56 -> 
  custom:audio-encoder-webm-vorbis: bf7c407c2cedff20999df2af8eb42d56 -> 
========================================================================
Received Import Request.
  path: Assets/OurAssets/Small_GamePiece.fbx
  artifactKey: Guid(f1eb552b1e6880a4dab859f3f7d420cb) Importer(815301076,1909f56bfc062723c751e8b465ee728b)
Start importing Assets/OurAssets/Small_GamePiece.fbx using Guid(f1eb552b1e6880a4dab859f3f7d420cb) Importer(815301076,1909f56bfc062723c751e8b465ee728b)  -> (artifact id: 'aa120054fd87917625e2d871b32d25fa') in 0.123572 seconds 
========================================================================
Received Import Request.
  Time since last request: 0.000351 seconds.
  path: Assets/OurAssets/Large_GamePiece.fbx
  artifactKey: Guid(0880c13deb3975a47af113228fc13168) Importer(815301076,1909f56bfc062723c751e8b465ee728b)
Start importing Assets/OurAssets/Large_GamePiece.fbx using Guid(0880c13deb3975a47af113228fc13168) Importer(815301076,1909f56bfc062723c751e8b465ee728b)  -> (artifact id: '9ef133024e2678df3af59a524d9756e8') in 0.301025 seconds 
========================================================================
Received Prepare
Registering precompiled user dll's ...
Registered in 0.004304 seconds.
Begin MonoManager ReloadAssembly
Native extension for WindowsStandalone target not found
Refreshing native plugins compatible for Editor in 0.82 ms, found 2 plugins.
Preloading 0 native plugins for Editor in 0.00 ms.
Mono: successfully reloaded assembly
- Completed reload, in  1.329 seconds
Domain Reload Profiling:
	ReloadAssembly (1329ms)
		BeginReloadAssembly (214ms)
			ExecutionOrderSort (0ms)
			DisableScriptedObjects (7ms)
			BackupInstance (0ms)
			ReleaseScriptingObjects (0ms)
			CreateAndSetChildDomain (55ms)
		EndReloadAssembly (1030ms)
			LoadAssemblies (167ms)
			RebuildTransferFunctionScriptingTraits (0ms)
			SetupTypeCache (420ms)
			ReleaseScriptCaches (2ms)
			RebuildScriptCaches (47ms)
			SetupLoadedEditorAssemblies (299ms)
				LogAssemblyErrors (0ms)
				InitializePlatformSupportModulesInManaged (4ms)
				SetLoadedEditorAssemblies (0ms)
				RefreshPlugins (1ms)
				BeforeProcessingInitializeOnLoad (62ms)
				ProcessInitializeOnLoadAttributes (221ms)
				ProcessInitializeOnLoadMethodAttributes (6ms)
				AfterProcessingInitializeOnLoad (4ms)
				EditorAssembliesLoaded (0ms)
			ExecutionOrderSort2 (0ms)
			AwakeInstancesAfterBackupRestoration (15ms)
Platform modules already initialized, skipping
Refreshing native plugins compatible for Editor in 0.73 ms, found 2 plugins.
Preloading 0 native plugins for Editor in 0.00 ms.
Unloading 2739 Unused Serialized files (Serialized files now loaded: 0)
System memory in use before: 129.0 MB.
System memory in use after: 129.3 MB.

Unloading 24 unused Assets to reduce memory usage. Loaded Objects now: 3356.
Total: 4.006500 ms (FindLiveObjects: 0.231700 ms CreateObjectMapping: 0.120200 ms MarkObjects: 3.620400 ms  DeleteObjects: 0.032900 ms)

AssetImportParameters requested are different than current active one (requested -> active):
  custom:framework-win-MediaFoundation: 216162199b28c13a410421893ffa2e32 -> 
  custom:video-decoder-ogg-theora: a1e56fd34408186e4bbccfd4996cb3dc -> 
  custom:container-muxer-webm: aa71ff27fc2769a1b78a27578f13a17b -> 
  custom:container-demuxer-webm: 4f35f7cbe854078d1ac9338744f61a02 -> 
  custom:container-demuxer-ogg: 62fdf1f143b41e24485cea50d1cbac27 -> 
  custom:video-encoder-webm-vp8: eb34c28f22e8b96e1ab97ce403110664 -> 
  custom:video-decoder-webm-vp8: 9c59270c3fd7afecdb556c50c9e8de78 -> 
  custom:audio-decoder-ogg-vorbis: bf7c407c2cedff20999df2af8eb42d56 -> 
  custom:audio-encoder-webm-vorbis: bf7c407c2cedff20999df2af8eb42d56 -> 
========================================================================
Received Import Request.
  Time since last request: 146.950270 seconds.
  path: Assets/3rdParty/texture_demo.jpg
  artifactKey: Guid(9c75d0b2ab5d89d499cb8e2e4a596b52) Importer(815301076,1909f56bfc062723c751e8b465ee728b)
Start importing Assets/3rdParty/texture_demo.jpg using Guid(9c75d0b2ab5d89d499cb8e2e4a596b52) Importer(815301076,1909f56bfc062723c751e8b465ee728b)  -> (artifact id: '3f6fe428a00f1801c763e1b1b6bf8b78') in 0.056906 seconds 
========================================================================
Received Prepare
Registering precompiled user dll's ...
Registered in 0.005290 seconds.
Begin MonoManager ReloadAssembly
Native extension for WindowsStandalone target not found
Refreshing native plugins compatible for Editor in 0.97 ms, found 2 plugins.
Preloading 0 native plugins for Editor in 0.00 ms.
Mono: successfully reloaded assembly
- Completed reload, in  1.584 seconds
Domain Reload Profiling:
	ReloadAssembly (1585ms)
		BeginReloadAssembly (221ms)
			ExecutionOrderSort (0ms)
			DisableScriptedObjects (6ms)
			BackupInstance (0ms)
			ReleaseScriptingObjects (0ms)
			CreateAndSetChildDomain (55ms)
		EndReloadAssembly (1290ms)
			LoadAssemblies (256ms)
			RebuildTransferFunctionScriptingTraits (0ms)
			SetupTypeCache (452ms)
			ReleaseScriptCaches (2ms)
			RebuildScriptCaches (57ms)
			SetupLoadedEditorAssemblies (388ms)
				LogAssemblyErrors (0ms)
				InitializePlatformSupportModulesInManaged (5ms)
				SetLoadedEditorAssemblies (1ms)
				RefreshPlugins (1ms)
				BeforeProcessingInitializeOnLoad (80ms)
				ProcessInitializeOnLoadAttributes (290ms)
				ProcessInitializeOnLoadMethodAttributes (7ms)
				AfterProcessingInitializeOnLoad (4ms)
				EditorAssembliesLoaded (0ms)
			ExecutionOrderSort2 (0ms)
			AwakeInstancesAfterBackupRestoration (32ms)
Platform modules already initialized, skipping
Refreshing native plugins compatible for Editor in 0.76 ms, found 2 plugins.
Preloading 0 native plugins for Editor in 0.00 ms.
Unloading 2740 Unused Serialized files (Serialized files now loaded: 0)
System memory in use before: 129.8 MB.
System memory in use after: 130.0 MB.

Unloading 24 unused Assets to reduce memory usage. Loaded Objects now: 3375.
Total: 4.949500 ms (FindLiveObjects: 0.342200 ms CreateObjectMapping: 0.133200 ms MarkObjects: 4.449100 ms  DeleteObjects: 0.023300 ms)

AssetImportParameters requested are different than current active one (requested -> active):
  custom:framework-win-MediaFoundation: 216162199b28c13a410421893ffa2e32 -> 
  custom:video-decoder-ogg-theora: a1e56fd34408186e4bbccfd4996cb3dc -> 
  custom:container-muxer-webm: aa71ff27fc2769a1b78a27578f13a17b -> 
  custom:container-demuxer-webm: 4f35f7cbe854078d1ac9338744f61a02 -> 
  custom:container-demuxer-ogg: 62fdf1f143b41e24485cea50d1cbac27 -> 
  custom:video-encoder-webm-vp8: eb34c28f22e8b96e1ab97ce403110664 -> 
  custom:video-decoder-webm-vp8: 9c59270c3fd7afecdb556c50c9e8de78 -> 
  custom:audio-decoder-ogg-vorbis: bf7c407c2cedff20999df2af8eb42d56 -> 
  custom:audio-encoder-webm-vorbis: bf7c407c2cedff20999df2af8eb42d56 -> 
========================================================================
Received Import Request.
  Time since last request: 1633.340693 seconds.
  path: Assets/OurAssets/Small_GamePiece.fbx
  artifactKey: Guid(f1eb552b1e6880a4dab859f3f7d420cb) Importer(815301076,1909f56bfc062723c751e8b465ee728b)
Start importing Assets/OurAssets/Small_GamePiece.fbx using Guid(f1eb552b1e6880a4dab859f3f7d420cb) Importer(815301076,1909f56bfc062723c751e8b465ee728b)  -> (artifact id: '1fe75425c5406bb60e40cb68fcc26331') in 0.233845 seconds 
========================================================================
Received Import Request.
  Time since last request: 163.446408 seconds.
  path: Assets/OurAssets/Large_GamePiece.fbx
  artifactKey: Guid(0880c13deb3975a47af113228fc13168) Importer(815301076,1909f56bfc062723c751e8b465ee728b)
Start importing Assets/OurAssets/Large_GamePiece.fbx using Guid(0880c13deb3975a47af113228fc13168) Importer(815301076,1909f56bfc062723c751e8b465ee728b)  -> (artifact id: '91ca179d1e1804d093ad2f3fee47864f') in 0.030464 seconds 
========================================================================
Received Import Request.
  Time since last request: 684.466778 seconds.
  path: Assets/OurAssets/Textures/Purple_Blue_Gradient.png
  artifactKey: Guid(522c330b5a70bb942803480ca8dc0798) Importer(815301076,1909f56bfc062723c751e8b465ee728b)
Start importing Assets/OurAssets/Textures/Purple_Blue_Gradient.png using Guid(522c330b5a70bb942803480ca8dc0798) Importer(815301076,1909f56bfc062723c751e8b465ee728b)  -> (artifact id: '3e06a75da5fc59822e5ad8a78e7b2ee8') in 0.036208 seconds 
========================================================================
Received Import Request.
  Time since last request: 272.134469 seconds.
  path: Assets/OurAssets/Textures/groundTexture.png
  artifactKey: Guid(247c62d9bae9dc94993e6c346f5ba01c) Importer(815301076,1909f56bfc062723c751e8b465ee728b)
Start importing Assets/OurAssets/Textures/groundTexture.png using Guid(247c62d9bae9dc94993e6c346f5ba01c) Importer(815301076,1909f56bfc062723c751e8b465ee728b)  -> (artifact id: '8fb132e6be37b4e283dd15621dfaf536') in 0.019392 seconds 
========================================================================
Received Import Request.
  Time since last request: 641.519629 seconds.
  path: Assets/OurAssets/Textures/groundTexture 1.png
  artifactKey: Guid(2457ede91fc1d3b49a61435230ef7311) Importer(815301076,1909f56bfc062723c751e8b465ee728b)
Start importing Assets/OurAssets/Textures/groundTexture 1.png using Guid(2457ede91fc1d3b49a61435230ef7311) Importer(815301076,1909f56bfc062723c751e8b465ee728b)  -> (artifact id: '0ef6236cbc959c01a970a2840ab64ec9') in 0.027918 seconds 
========================================================================
Received Import Request.
  Time since last request: 2.205099 seconds.
  path: Assets/OurAssets/Textures/groundTexture.png
  artifactKey: Guid(2457ede91fc1d3b49a61435230ef7311) Importer(815301076,1909f56bfc062723c751e8b465ee728b)
Start importing Assets/OurAssets/Textures/groundTexture.png using Guid(2457ede91fc1d3b49a61435230ef7311) Importer(815301076,1909f56bfc062723c751e8b465ee728b)  -> (artifact id: '675b26af61e9504c0298356d5e0ef9b4') in 0.010221 seconds 
========================================================================
Received Import Request.
  Time since last request: 305.205618 seconds.
  path: Assets/OurAssets/Textures/groundTexture_02.png
  artifactKey: Guid(314b57baef94c7141947037047e0cda0) Importer(815301076,1909f56bfc062723c751e8b465ee728b)
Start importing Assets/OurAssets/Textures/groundTexture_02.png using Guid(314b57baef94c7141947037047e0cda0) Importer(815301076,1909f56bfc062723c751e8b465ee728b)  -> (artifact id: '459b321ab014dbd51421c8eed04541e5') in 0.017900 seconds 
========================================================================
Received Import Request.
  Time since last request: 286.189931 seconds.
  path: Assets/OurAssets/Textures/groundTexture_02.png
  artifactKey: Guid(314b57baef94c7141947037047e0cda0) Importer(815301076,1909f56bfc062723c751e8b465ee728b)
Start importing Assets/OurAssets/Textures/groundTexture_02.png using Guid(314b57baef94c7141947037047e0cda0) Importer(815301076,1909f56bfc062723c751e8b465ee728b)  -> (artifact id: 'bc46f85d402ebcdcbf2fc189d862c017') in 0.019271 seconds 
========================================================================
Received Import Request.
  Time since last request: 695.392436 seconds.
  path: Assets/OurAssets/Textures/light_blue.png
  artifactKey: Guid(fd5a4e7bf016b7e4e9b3f9ca1249051f) Importer(815301076,1909f56bfc062723c751e8b465ee728b)
Start importing Assets/OurAssets/Textures/light_blue.png using Guid(fd5a4e7bf016b7e4e9b3f9ca1249051f) Importer(815301076,1909f56bfc062723c751e8b465ee728b)  -> (artifact id: '3034f3fb4a77ff9d1d8889042e0463cc') in 0.022392 seconds 
========================================================================
Received Import Request.
  Time since last request: 14.612545 seconds.
  path: Assets/OurAssets/Textures/Yellow_Green_Gradient.png
  artifactKey: Guid(a64e99ea168a31f4c972ccbf4681648b) Importer(815301076,1909f56bfc062723c751e8b465ee728b)
Start importing Assets/OurAssets/Textures/Yellow_Green_Gradient.png using Guid(a64e99ea168a31f4c972ccbf4681648b) Importer(815301076,1909f56bfc062723c751e8b465ee728b)  -> (artifact id: 'a168e6db6d77c45e58d61d7264647743') in 0.021970 seconds 
========================================================================
Received Import Request.
  Time since last request: 5.482174 seconds.
  path: Assets/OurAssets/Textures/green.png
  artifactKey: Guid(f9d5810a46360194cace3fbfd2888c2d) Importer(815301076,1909f56bfc062723c751e8b465ee728b)
Start importing Assets/OurAssets/Textures/green.png using Guid(f9d5810a46360194cace3fbfd2888c2d) Importer(815301076,1909f56bfc062723c751e8b465ee728b)  -> (artifact id: '0ea1a027078ebda416adaa8fff3a2d01') in 0.017286 seconds 
========================================================================
Received Import Request.
  Time since last request: 1.519718 seconds.
  path: Assets/OurAssets/Textures/yellow.png
  artifactKey: Guid(0dd8ed1ed014d2c478a20b17ca0ec97b) Importer(815301076,1909f56bfc062723c751e8b465ee728b)
Start importing Assets/OurAssets/Textures/yellow.png using Guid(0dd8ed1ed014d2c478a20b17ca0ec97b) Importer(815301076,1909f56bfc062723c751e8b465ee728b)  -> (artifact id: '4927cf525833959b5f5530bdedcf154d') in 0.012507 seconds 
========================================================================
Received Import Request.
  Time since last request: 21.517570 seconds.
  path: Assets/OurAssets/Textures/red.png
  artifactKey: Guid(1f211db286a460c49a9576d02f91f7a1) Importer(815301076,1909f56bfc062723c751e8b465ee728b)
Start importing Assets/OurAssets/Textures/red.png using Guid(1f211db286a460c49a9576d02f91f7a1) Importer(815301076,1909f56bfc062723c751e8b465ee728b)  -> (artifact id: 'f38a046f712956c4e77a9063dc8e9914') in 0.013421 seconds 
========================================================================
Received Import Request.
  Time since last request: 83.626839 seconds.
  path: Assets/OurAssets/Textures/dark_blue.png
  artifactKey: Guid(cde396b988c596149a6519eeb2cabe7e) Importer(815301076,1909f56bfc062723c751e8b465ee728b)
Start importing Assets/OurAssets/Textures/dark_blue.png using Guid(cde396b988c596149a6519eeb2cabe7e) Importer(815301076,1909f56bfc062723c751e8b465ee728b)  -> (artifact id: '95755c58ab82203bbc91d0bff001611f') in 0.013503 seconds 
========================================================================
Received Import Request.
  Time since last request: 2200.785305 seconds.
  path: Assets/OurAssets/Textures/groundTexture_03.png
  artifactKey: Guid(c8d98e2c3249ede4c8fdb6a18235061e) Importer(815301076,1909f56bfc062723c751e8b465ee728b)
Start importing Assets/OurAssets/Textures/groundTexture_03.png using Guid(c8d98e2c3249ede4c8fdb6a18235061e) Importer(815301076,1909f56bfc062723c751e8b465ee728b)  -> (artifact id: 'cb2f4ffa62ca4a40e98cc666c7a4a152') in 0.017236 seconds 
========================================================================
Received Import Request.
  Time since last request: 50.897474 seconds.
  path: Assets/OurAssets/Textures/groundTexture_03.png
  artifactKey: Guid(c8d98e2c3249ede4c8fdb6a18235061e) Importer(815301076,1909f56bfc062723c751e8b465ee728b)
Start importing Assets/OurAssets/Textures/groundTexture_03.png using Guid(c8d98e2c3249ede4c8fdb6a18235061e) Importer(815301076,1909f56bfc062723c751e8b465ee728b)  -> (artifact id: '1d5f54f6ae19464672df4b90e7d5c3b9') in 0.012670 seconds 
========================================================================
Received Import Request.
  Time since last request: 57.305009 seconds.
  path: Assets/OurAssets/Textures/groundTexture_03.png
  artifactKey: Guid(c8d98e2c3249ede4c8fdb6a18235061e) Importer(815301076,1909f56bfc062723c751e8b465ee728b)
Start importing Assets/OurAssets/Textures/groundTexture_03.png using Guid(c8d98e2c3249ede4c8fdb6a18235061e) Importer(815301076,1909f56bfc062723c751e8b465ee728b)  -> (artifact id: '72557f51dd14f55f7d33070331ce0874') in 0.010858 seconds 
========================================================================
Received Import Request.
  Time since last request: 3.119548 seconds.
  path: Assets/OurAssets/Textures/groundTexture_03 1.png
  artifactKey: Guid(11ccdde97da1c6f4abd723147ca7a88e) Importer(815301076,1909f56bfc062723c751e8b465ee728b)
Start importing Assets/OurAssets/Textures/groundTexture_03 1.png using Guid(11ccdde97da1c6f4abd723147ca7a88e) Importer(815301076,1909f56bfc062723c751e8b465ee728b)  -> (artifact id: 'd1fc6fe84ef60cd2f707841ba9d0c8ac') in 0.012289 seconds 
========================================================================
Received Import Request.
  Time since last request: 48.054754 seconds.
  path: Assets/OurAssets/Textures/groundTexture_03.png
  artifactKey: Guid(c8d98e2c3249ede4c8fdb6a18235061e) Importer(815301076,1909f56bfc062723c751e8b465ee728b)
Start importing Assets/OurAssets/Textures/groundTexture_03.png using Guid(c8d98e2c3249ede4c8fdb6a18235061e) Importer(815301076,1909f56bfc062723c751e8b465ee728b)  -> (artifact id: '45719e0467231c92d45cbb39550190c4') in 0.007582 seconds 
========================================================================
Received Import Request.
  Time since last request: 5.164266 seconds.
  path: Assets/OurAssets/Textures/groundTexture_03.png
  artifactKey: Guid(c8d98e2c3249ede4c8fdb6a18235061e) Importer(815301076,1909f56bfc062723c751e8b465ee728b)
Start importing Assets/OurAssets/Textures/groundTexture_03.png using Guid(c8d98e2c3249ede4c8fdb6a18235061e) Importer(815301076,1909f56bfc062723c751e8b465ee728b)  -> (artifact id: 'c969207a0914b08d107e42b6ec1815e1') in 0.012799 seconds 
========================================================================
Received Prepare
Registering precompiled user dll's ...
Registered in 0.005140 seconds.
Begin MonoManager ReloadAssembly
Native extension for WindowsStandalone target not found
Refreshing native plugins compatible for Editor in 0.73 ms, found 2 plugins.
Preloading 0 native plugins for Editor in 0.00 ms.
Mono: successfully reloaded assembly
- Completed reload, in  1.381 seconds
Domain Reload Profiling:
	ReloadAssembly (1382ms)
		BeginReloadAssembly (228ms)
			ExecutionOrderSort (0ms)
			DisableScriptedObjects (11ms)
			BackupInstance (0ms)
			ReleaseScriptingObjects (0ms)
			CreateAndSetChildDomain (74ms)
		EndReloadAssembly (1086ms)
			LoadAssemblies (171ms)
			RebuildTransferFunctionScriptingTraits (0ms)
			SetupTypeCache (367ms)
			ReleaseScriptCaches (1ms)
			RebuildScriptCaches (50ms)
			SetupLoadedEditorAssemblies (314ms)
				LogAssemblyErrors (0ms)
				InitializePlatformSupportModulesInManaged (5ms)
				SetLoadedEditorAssemblies (0ms)
				RefreshPlugins (1ms)
				BeforeProcessingInitializeOnLoad (64ms)
				ProcessInitializeOnLoadAttributes (236ms)
				ProcessInitializeOnLoadMethodAttributes (5ms)
				AfterProcessingInitializeOnLoad (4ms)
				EditorAssembliesLoaded (0ms)
			ExecutionOrderSort2 (0ms)
			AwakeInstancesAfterBackupRestoration (23ms)
Platform modules already initialized, skipping
Refreshing native plugins compatible for Editor in 0.76 ms, found 2 plugins.
Preloading 0 native plugins for Editor in 0.00 ms.
Unloading 2747 Unused Serialized files (Serialized files now loaded: 0)
System memory in use before: 137.3 MB.
System memory in use after: 137.5 MB.

Unloading 24 unused Assets to reduce memory usage. Loaded Objects now: 3674.
Total: 3.946400 ms (FindLiveObjects: 0.292800 ms CreateObjectMapping: 0.135500 ms MarkObjects: 3.494300 ms  DeleteObjects: 0.022500 ms)

AssetImportParameters requested are different than current active one (requested -> active):
  custom:framework-win-MediaFoundation: 216162199b28c13a410421893ffa2e32 -> 
  custom:video-decoder-ogg-theora: a1e56fd34408186e4bbccfd4996cb3dc -> 
  custom:container-muxer-webm: aa71ff27fc2769a1b78a27578f13a17b -> 
  custom:container-demuxer-webm: 4f35f7cbe854078d1ac9338744f61a02 -> 
  custom:container-demuxer-ogg: 62fdf1f143b41e24485cea50d1cbac27 -> 
  custom:video-encoder-webm-vp8: eb34c28f22e8b96e1ab97ce403110664 -> 
  custom:video-decoder-webm-vp8: 9c59270c3fd7afecdb556c50c9e8de78 -> 
  custom:audio-decoder-ogg-vorbis: bf7c407c2cedff20999df2af8eb42d56 -> 
  custom:audio-encoder-webm-vorbis: bf7c407c2cedff20999df2af8eb42d56 -> 
========================================================================
Received Prepare
Registering precompiled user dll's ...
Registered in 0.004433 seconds.
Begin MonoManager ReloadAssembly
Native extension for WindowsStandalone target not found
Refreshing native plugins compatible for Editor in 0.72 ms, found 2 plugins.
Preloading 0 native plugins for Editor in 0.00 ms.
Mono: successfully reloaded assembly
- Completed reload, in  1.302 seconds
Domain Reload Profiling:
	ReloadAssembly (1303ms)
		BeginReloadAssembly (193ms)
			ExecutionOrderSort (0ms)
			DisableScriptedObjects (11ms)
			BackupInstance (0ms)
			ReleaseScriptingObjects (0ms)
			CreateAndSetChildDomain (41ms)
		EndReloadAssembly (1044ms)
			LoadAssemblies (157ms)
			RebuildTransferFunctionScriptingTraits (0ms)
			SetupTypeCache (406ms)
			ReleaseScriptCaches (1ms)
			RebuildScriptCaches (59ms)
			SetupLoadedEditorAssemblies (312ms)
				LogAssemblyErrors (0ms)
				InitializePlatformSupportModulesInManaged (6ms)
				SetLoadedEditorAssemblies (0ms)
				RefreshPlugins (1ms)
				BeforeProcessingInitializeOnLoad (69ms)
				ProcessInitializeOnLoadAttributes (227ms)
				ProcessInitializeOnLoadMethodAttributes (5ms)
				AfterProcessingInitializeOnLoad (4ms)
				EditorAssembliesLoaded (0ms)
			ExecutionOrderSort2 (0ms)
			AwakeInstancesAfterBackupRestoration (23ms)
Platform modules already initialized, skipping
Refreshing native plugins compatible for Editor in 0.78 ms, found 2 plugins.
Preloading 0 native plugins for Editor in 0.00 ms.
Unloading 2739 Unused Serialized files (Serialized files now loaded: 0)
System memory in use before: 137.1 MB.
System memory in use after: 137.3 MB.

Unloading 24 unused Assets to reduce memory usage. Loaded Objects now: 3676.
Total: 4.261600 ms (FindLiveObjects: 0.327900 ms CreateObjectMapping: 0.122400 ms MarkObjects: 3.767500 ms  DeleteObjects: 0.042500 ms)

AssetImportParameters requested are different than current active one (requested -> active):
  custom:framework-win-MediaFoundation: 216162199b28c13a410421893ffa2e32 -> 
  custom:video-decoder-ogg-theora: a1e56fd34408186e4bbccfd4996cb3dc -> 
  custom:container-muxer-webm: aa71ff27fc2769a1b78a27578f13a17b -> 
  custom:container-demuxer-webm: 4f35f7cbe854078d1ac9338744f61a02 -> 
  custom:container-demuxer-ogg: 62fdf1f143b41e24485cea50d1cbac27 -> 
  custom:video-encoder-webm-vp8: eb34c28f22e8b96e1ab97ce403110664 -> 
  custom:video-decoder-webm-vp8: 9c59270c3fd7afecdb556c50c9e8de78 -> 
  custom:audio-decoder-ogg-vorbis: bf7c407c2cedff20999df2af8eb42d56 -> 
  custom:audio-encoder-webm-vorbis: bf7c407c2cedff20999df2af8eb42d56 -> 
========================================================================
Received Import Request.
  Time since last request: 226.099633 seconds.
  path: Assets/OurAssets/Prefabs/GamePieces_Prototype/2Cube_X_02.prefab
  artifactKey: Guid(f12f6199126979046870d039e67024fb) Importer(815301076,1909f56bfc062723c751e8b465ee728b)
Start importing Assets/OurAssets/Prefabs/GamePieces_Prototype/2Cube_X_02.prefab using Guid(f12f6199126979046870d039e67024fb) Importer(815301076,1909f56bfc062723c751e8b465ee728b)  -> (artifact id: '61c31f5df5bab5112e8d8d3620a462a5') in 0.190619 seconds 
========================================================================
Received Import Request.
  Time since last request: 0.217388 seconds.
  path: Assets/OurAssets/Prefabs/GamePieces_Prototype/2Cube_X_01.prefab
  artifactKey: Guid(009329cc022aeb44181d891785a02bb2) Importer(815301076,1909f56bfc062723c751e8b465ee728b)
Start importing Assets/OurAssets/Prefabs/GamePieces_Prototype/2Cube_X_01.prefab using Guid(009329cc022aeb44181d891785a02bb2) Importer(815301076,1909f56bfc062723c751e8b465ee728b)  -> (artifact id: '99eb13ac8da51cf114f21f238c945a62') in 0.015151 seconds 
========================================================================
Received Import Request.
  Time since last request: 1.743706 seconds.
  path: Assets/OurAssets/Prefabs/GamePieces_Prototype/3Cube_Z_01.prefab
  artifactKey: Guid(58dae45f109195f40ada643b1176c5f9) Importer(815301076,1909f56bfc062723c751e8b465ee728b)
Start importing Assets/OurAssets/Prefabs/GamePieces_Prototype/3Cube_Z_01.prefab using Guid(58dae45f109195f40ada643b1176c5f9) Importer(815301076,1909f56bfc062723c751e8b465ee728b)  -> (artifact id: 'c3e32b8525cfe65e1364492b35936019') in 0.015232 seconds 
========================================================================
Received Import Request.
  Time since last request: 131.286652 seconds.
  path: Assets/OurAssets/Prefabs/GamePieces_Prototype/2Cube_X_02.prefab
  artifactKey: Guid(f12f6199126979046870d039e67024fb) Importer(815301076,1909f56bfc062723c751e8b465ee728b)
Start importing Assets/OurAssets/Prefabs/GamePieces_Prototype/2Cube_X_02.prefab using Guid(f12f6199126979046870d039e67024fb) Importer(815301076,1909f56bfc062723c751e8b465ee728b)  -> (artifact id: 'f962a52b3e1bc68727c2dd3a5ff1f969') in 0.020316 seconds 
========================================================================
Received Import Request.
  Time since last request: 8.057315 seconds.
  path: Assets/OurAssets/Prefabs/GamePieces_Prototype/2Cube_Z_01.prefab
  artifactKey: Guid(6de31ba0a249d364f9747ffd9f4ec60f) Importer(815301076,1909f56bfc062723c751e8b465ee728b)
Start importing Assets/OurAssets/Prefabs/GamePieces_Prototype/2Cube_Z_01.prefab using Guid(6de31ba0a249d364f9747ffd9f4ec60f) Importer(815301076,1909f56bfc062723c751e8b465ee728b)  -> (artifact id: 'c9d7418aa895e36b16df3cbda36f5f25') in 0.016198 seconds 
========================================================================
Received Import Request.
  Time since last request: 1.806667 seconds.
  path: Assets/OurAssets/Prefabs/GamePieces_Prototype/2Cube_Z_02.prefab
  artifactKey: Guid(19632cffe0511b743a623e2f4ce376cb) Importer(815301076,1909f56bfc062723c751e8b465ee728b)
Start importing Assets/OurAssets/Prefabs/GamePieces_Prototype/2Cube_Z_02.prefab using Guid(19632cffe0511b743a623e2f4ce376cb) Importer(815301076,1909f56bfc062723c751e8b465ee728b)  -> (artifact id: '3ece60b4f52636c3284a87100c6a36aa') in 0.016984 seconds 
========================================================================
Received Import Request.
  Time since last request: 10.179371 seconds.
  path: Assets/OurAssets/Prefabs/GamePieces_Prototype/2Cube_X_01.prefab
  artifactKey: Guid(f12f6199126979046870d039e67024fb) Importer(815301076,1909f56bfc062723c751e8b465ee728b)
Start importing Assets/OurAssets/Prefabs/GamePieces_Prototype/2Cube_X_01.prefab using Guid(f12f6199126979046870d039e67024fb) Importer(815301076,1909f56bfc062723c751e8b465ee728b)  -> (artifact id: '6fbf967db244da0b2e5a81b8d431abd9') in 0.014715 seconds 
========================================================================
Received Import Request.
  Time since last request: 2.680368 seconds.
  path: Assets/OurAssets/Prefabs/GamePieces_Prototype/2Cube_Z_02.prefab
  artifactKey: Guid(6de31ba0a249d364f9747ffd9f4ec60f) Importer(815301076,1909f56bfc062723c751e8b465ee728b)
Start importing Assets/OurAssets/Prefabs/GamePieces_Prototype/2Cube_Z_02.prefab using Guid(6de31ba0a249d364f9747ffd9f4ec60f) Importer(815301076,1909f56bfc062723c751e8b465ee728b)  -> (artifact id: '474807b43ba7186c6022276997eb747b') in 0.013972 seconds 
========================================================================
Received Import Request.
  Time since last request: 103.221872 seconds.
  path: Assets/OurAssets/Large_GamePiece.fbx
  artifactKey: Guid(0880c13deb3975a47af113228fc13168) Importer(815301076,1909f56bfc062723c751e8b465ee728b)
Start importing Assets/OurAssets/Large_GamePiece.fbx using Guid(0880c13deb3975a47af113228fc13168) Importer(815301076,1909f56bfc062723c751e8b465ee728b)  -> (artifact id: 'c617723fe11b4cce61026aff8e46e17d') in 0.058063 seconds 
========================================================================
Received Import Request.
  Time since last request: 1.090790 seconds.
  path: Assets/OurAssets/Small_GamePiece.fbx
  artifactKey: Guid(f1eb552b1e6880a4dab859f3f7d420cb) Importer(815301076,1909f56bfc062723c751e8b465ee728b)
Start importing Assets/OurAssets/Small_GamePiece.fbx using Guid(f1eb552b1e6880a4dab859f3f7d420cb) Importer(815301076,1909f56bfc062723c751e8b465ee728b)  -> (artifact id: '35ad4c237afbf8b4a0b98bb5ed3f122f') in 0.025453 seconds 
========================================================================
Received Import Request.
  Time since last request: 6.195252 seconds.
  path: Assets/OurAssets/Meshes
  artifactKey: Guid(ce2bd0de6810c6e49a89f9ca1ebb3a51) Importer(815301076,1909f56bfc062723c751e8b465ee728b)
Start importing Assets/OurAssets/Meshes using Guid(ce2bd0de6810c6e49a89f9ca1ebb3a51) Importer(815301076,1909f56bfc062723c751e8b465ee728b)  -> (artifact id: 'aabb1016fbe5446cf89e0902d9509198') in 0.007477 seconds 
========================================================================
Received Import Request.
  Time since last request: 8.214611 seconds.
  path: Assets/OurAssets/Prefabs/GamePieces_Prototype/WinCube.prefab
  artifactKey: Guid(45ff122d5cd67eb448005ec7cacb7415) Importer(815301076,1909f56bfc062723c751e8b465ee728b)
Start importing Assets/OurAssets/Prefabs/GamePieces_Prototype/WinCube.prefab using Guid(45ff122d5cd67eb448005ec7cacb7415) Importer(815301076,1909f56bfc062723c751e8b465ee728b)  -> (artifact id: 'c25516c74af1fc5fe9b3e63ca9f061db') in 0.013458 seconds 
========================================================================
Received Import Request.
  Time since last request: 1.180238 seconds.
  path: Assets/OurAssets/Prefabs/GamePieces_Prototype/3Cube_Z_01.prefab
  artifactKey: Guid(58dae45f109195f40ada643b1176c5f9) Importer(815301076,1909f56bfc062723c751e8b465ee728b)
Start importing Assets/OurAssets/Prefabs/GamePieces_Prototype/3Cube_Z_01.prefab using Guid(58dae45f109195f40ada643b1176c5f9) Importer(815301076,1909f56bfc062723c751e8b465ee728b)  -> (artifact id: '0e1a7a7da4b4619fbbfefb7d6c6169e4') in 0.015619 seconds 
========================================================================
Received Import Request.
  Time since last request: 0.449943 seconds.
  path: Assets/OurAssets/Prefabs/GamePieces_Prototype/3Cube_X_01.prefab
  artifactKey: Guid(46ed7c6facf9b3f4f977e64f1c106849) Importer(815301076,1909f56bfc062723c751e8b465ee728b)
Start importing Assets/OurAssets/Prefabs/GamePieces_Prototype/3Cube_X_01.prefab using Guid(46ed7c6facf9b3f4f977e64f1c106849) Importer(815301076,1909f56bfc062723c751e8b465ee728b)  -> (artifact id: 'c56a5cfa65815d50acc7a38c4fcab9f1') in 0.015986 seconds 
========================================================================
Received Import Request.
  Time since last request: 67.801417 seconds.
  path: Assets/OurAssets/Prefabs/GamePieces_Prototype/2Cube_X_01.prefab
  artifactKey: Guid(f12f6199126979046870d039e67024fb) Importer(815301076,1909f56bfc062723c751e8b465ee728b)
Start importing Assets/OurAssets/Prefabs/GamePieces_Prototype/2Cube_X_01.prefab using Guid(f12f6199126979046870d039e67024fb) Importer(815301076,1909f56bfc062723c751e8b465ee728b)  -> (artifact id: '0e85b0b1a1bf1242fcfdc898ab99cc46') in 0.016617 seconds 
========================================================================
Received Import Request.
  Time since last request: 201.499240 seconds.
  path: Assets/Resources/EasyLevels/Easy_Level_01.prefab
  artifactKey: Guid(f36fe03da6358e849abe9b7b2d64d53b) Importer(815301076,1909f56bfc062723c751e8b465ee728b)
Start importing Assets/Resources/EasyLevels/Easy_Level_01.prefab using Guid(f36fe03da6358e849abe9b7b2d64d53b) Importer(815301076,1909f56bfc062723c751e8b465ee728b)  -> (artifact id: 'ae79f584a9ce3924a5f47a53ce741a24') in 0.024313 seconds 
========================================================================
Received Import Request.
  Time since last request: 3.414331 seconds.
  path: Assets/Resources/EasyLevels/Easy_Level_01.prefab
  artifactKey: Guid(f36fe03da6358e849abe9b7b2d64d53b) Importer(815301076,1909f56bfc062723c751e8b465ee728b)
Start importing Assets/Resources/EasyLevels/Easy_Level_01.prefab using Guid(f36fe03da6358e849abe9b7b2d64d53b) Importer(815301076,1909f56bfc062723c751e8b465ee728b)  -> (artifact id: 'd9e9a366eeacaefc6ec97f44d226e149') in 0.019246 seconds 
========================================================================
Received Import Request.
  Time since last request: 56.753631 seconds.
  path: Assets/Resources/EasyLevels/Easy_Level_01.prefab
  artifactKey: Guid(f36fe03da6358e849abe9b7b2d64d53b) Importer(815301076,1909f56bfc062723c751e8b465ee728b)
Start importing Assets/Resources/EasyLevels/Easy_Level_01.prefab using Guid(f36fe03da6358e849abe9b7b2d64d53b) Importer(815301076,1909f56bfc062723c751e8b465ee728b)  -> (artifact id: '03a36b86e2e78d6ab60c7bc17c7cf747') in 0.020368 seconds 
========================================================================
Received Prepare
Registering precompiled user dll's ...
Registered in 0.006635 seconds.
Begin MonoManager ReloadAssembly
Native extension for WindowsStandalone target not found
Refreshing native plugins compatible for Editor in 0.69 ms, found 2 plugins.
Preloading 0 native plugins for Editor in 0.00 ms.
Mono: successfully reloaded assembly
- Completed reload, in  1.349 seconds
Domain Reload Profiling:
	ReloadAssembly (1349ms)
		BeginReloadAssembly (212ms)
			ExecutionOrderSort (0ms)
			DisableScriptedObjects (9ms)
			BackupInstance (0ms)
			ReleaseScriptingObjects (0ms)
			CreateAndSetChildDomain (64ms)
		EndReloadAssembly (1068ms)
			LoadAssemblies (160ms)
			RebuildTransferFunctionScriptingTraits (0ms)
			SetupTypeCache (382ms)
			ReleaseScriptCaches (1ms)
			RebuildScriptCaches (47ms)
			SetupLoadedEditorAssemblies (360ms)
				LogAssemblyErrors (0ms)
				InitializePlatformSupportModulesInManaged (4ms)
				SetLoadedEditorAssemblies (0ms)
				RefreshPlugins (1ms)
				BeforeProcessingInitializeOnLoad (74ms)
				ProcessInitializeOnLoadAttributes (270ms)
				ProcessInitializeOnLoadMethodAttributes (6ms)
				AfterProcessingInitializeOnLoad (4ms)
				EditorAssembliesLoaded (0ms)
			ExecutionOrderSort2 (0ms)
			AwakeInstancesAfterBackupRestoration (28ms)
Platform modules already initialized, skipping
Refreshing native plugins compatible for Editor in 0.71 ms, found 2 plugins.
Preloading 0 native plugins for Editor in 0.00 ms.
Unloading 2739 Unused Serialized files (Serialized files now loaded: 0)
System memory in use before: 137.2 MB.
System memory in use after: 137.4 MB.

Unloading 24 unused Assets to reduce memory usage. Loaded Objects now: 3715.
Total: 4.701400 ms (FindLiveObjects: 0.343900 ms CreateObjectMapping: 0.122900 ms MarkObjects: 4.201100 ms  DeleteObjects: 0.032400 ms)

AssetImportParameters requested are different than current active one (requested -> active):
  custom:framework-win-MediaFoundation: 216162199b28c13a410421893ffa2e32 -> 
  custom:video-decoder-ogg-theora: a1e56fd34408186e4bbccfd4996cb3dc -> 
  custom:container-muxer-webm: aa71ff27fc2769a1b78a27578f13a17b -> 
  custom:container-demuxer-webm: 4f35f7cbe854078d1ac9338744f61a02 -> 
  custom:container-demuxer-ogg: 62fdf1f143b41e24485cea50d1cbac27 -> 
  custom:video-encoder-webm-vp8: eb34c28f22e8b96e1ab97ce403110664 -> 
  custom:video-decoder-webm-vp8: 9c59270c3fd7afecdb556c50c9e8de78 -> 
  custom:audio-decoder-ogg-vorbis: bf7c407c2cedff20999df2af8eb42d56 -> 
  custom:audio-encoder-webm-vorbis: bf7c407c2cedff20999df2af8eb42d56 -> 
========================================================================
Received Prepare
Registering precompiled user dll's ...
Registered in 0.004461 seconds.
Begin MonoManager ReloadAssembly
Native extension for WindowsStandalone target not found
Refreshing native plugins compatible for Editor in 0.73 ms, found 2 plugins.
Preloading 0 native plugins for Editor in 0.00 ms.
Mono: successfully reloaded assembly
- Completed reload, in  1.365 seconds
Domain Reload Profiling:
	ReloadAssembly (1365ms)
		BeginReloadAssembly (251ms)
			ExecutionOrderSort (0ms)
			DisableScriptedObjects (9ms)
			BackupInstance (0ms)
			ReleaseScriptingObjects (0ms)
			CreateAndSetChildDomain (57ms)
		EndReloadAssembly (1049ms)
			LoadAssemblies (194ms)
			RebuildTransferFunctionScriptingTraits (0ms)
			SetupTypeCache (391ms)
			ReleaseScriptCaches (2ms)
			RebuildScriptCaches (48ms)
			SetupLoadedEditorAssemblies (312ms)
				LogAssemblyErrors (0ms)
				InitializePlatformSupportModulesInManaged (5ms)
				SetLoadedEditorAssemblies (0ms)
				RefreshPlugins (1ms)
				BeforeProcessingInitializeOnLoad (66ms)
				ProcessInitializeOnLoadAttributes (232ms)
				ProcessInitializeOnLoadMethodAttributes (5ms)
				AfterProcessingInitializeOnLoad (4ms)
				EditorAssembliesLoaded (0ms)
			ExecutionOrderSort2 (0ms)
			AwakeInstancesAfterBackupRestoration (24ms)
Platform modules already initialized, skipping
Refreshing native plugins compatible for Editor in 0.79 ms, found 2 plugins.
Preloading 0 native plugins for Editor in 0.00 ms.
Unloading 2739 Unused Serialized files (Serialized files now loaded: 0)
System memory in use before: 137.2 MB.
System memory in use after: 137.5 MB.

Unloading 24 unused Assets to reduce memory usage. Loaded Objects now: 3717.
Total: 4.257600 ms (FindLiveObjects: 0.363700 ms CreateObjectMapping: 0.252900 ms MarkObjects: 3.609100 ms  DeleteObjects: 0.030800 ms)

AssetImportParameters requested are different than current active one (requested -> active):
  custom:framework-win-MediaFoundation: 216162199b28c13a410421893ffa2e32 -> 
  custom:video-decoder-ogg-theora: a1e56fd34408186e4bbccfd4996cb3dc -> 
  custom:container-muxer-webm: aa71ff27fc2769a1b78a27578f13a17b -> 
  custom:container-demuxer-webm: 4f35f7cbe854078d1ac9338744f61a02 -> 
  custom:container-demuxer-ogg: 62fdf1f143b41e24485cea50d1cbac27 -> 
  custom:video-encoder-webm-vp8: eb34c28f22e8b96e1ab97ce403110664 -> 
  custom:video-decoder-webm-vp8: 9c59270c3fd7afecdb556c50c9e8de78 -> 
  custom:audio-decoder-ogg-vorbis: bf7c407c2cedff20999df2af8eb42d56 -> 
  custom:audio-encoder-webm-vorbis: bf7c407c2cedff20999df2af8eb42d56 -> 
AssetImportWorkerClient::OnTransportError - code=2 error=End of file
